[debug] [2022-09-12T21:14:14.977Z] ----------------------------------------------------------------------
[debug] [2022-09-12T21:14:14.980Z] Command:       C:\Program Files\nodejs\node.exe C:\Program Files\nodejs\node_modules\firebase-tools\lib\bin\firebase.js init
[debug] [2022-09-12T21:14:14.980Z] CLI Version:   11.9.0
[debug] [2022-09-12T21:14:14.980Z] Platform:      win32
[debug] [2022-09-12T21:14:14.981Z] Node Version:  v16.17.0
[debug] [2022-09-12T21:14:14.982Z] Time:          Tue Sep 13 2022 05:14:14 GMT+0800 (Singapore Standard Time)
[debug] [2022-09-12T21:14:14.982Z] ----------------------------------------------------------------------
[debug] 
[debug] [2022-09-12T21:14:15.062Z] > command requires scopes: ["email","openid","https://www.googleapis.com/auth/cloudplatformprojects.readonly","https://www.googleapis.com/auth/firebase","https://www.googleapis.com/auth/cloud-platform"]
[debug] [2022-09-12T21:14:15.062Z] > authorizing via signed-in user (gingomercury9@gmail.com)
[info] 
     ######## #### ########  ######## ########     ###     ######  ########
     ##        ##  ##     ## ##       ##     ##  ##   ##  ##       ##
     ######    ##  ########  ######   ########  #########  ######  ######
     ##        ##  ##    ##  ##       ##     ## ##     ##       ## ##
     ##       #### ##     ## ######## ########  ##     ##  ######  ########

You're about to initialize a Firebase project in this directory:

  D:\Bigg\Bigg-web\frontend

Before we get started, keep in mind:

  * You are initializing within an existing Firebase project directory

[info] 
=== Project Setup
[info] 
[info] First, let's associate this project directory with a Firebase project.
[info] You can create multiple project aliases by running firebase use --add, 
[info] but for now we'll just set up a default project.
[info] 
[debug] [2022-09-12T21:14:18.799Z] Using project from CLI flag: e-ssentials-44a91
[debug] [2022-09-12T21:14:18.804Z] >>> [apiv2][query] GET https://firebase.googleapis.com/v1beta1/projects/e-ssentials-44a91 [none]
[debug] [2022-09-12T21:14:19.305Z] <<< [apiv2][status] GET https://firebase.googleapis.com/v1beta1/projects/e-ssentials-44a91 200
[debug] [2022-09-12T21:14:19.305Z] <<< [apiv2][body] GET https://firebase.googleapis.com/v1beta1/projects/e-ssentials-44a91 {"projectId":"e-ssentials-44a91","projectNumber":"172988100276","displayName":"E-ssentials","name":"projects/e-ssentials-44a91","resources":{"hostingSite":"e-ssentials-44a91","storageBucket":"e-ssentials-44a91.appspot.com","locationId":"asia-southeast2"},"state":"ACTIVE","etag":"1_0a7f637d-0b5d-4cde-b1f2-303180d095bd"}
[info] i  Using project e-ssentials-44a91 (E-ssentials) 
[info] 
=== Hosting Setup
[info] 
[info] Your public directory is the folder (relative to your project directory) that
[info] will contain Hosting assets to be uploaded with firebase deploy. If you
[info] have a build process for your assets, use your build's output directory.
[info] 
[debug] [2022-09-13T13:43:51.727Z] ----------------------------------------------------------------------
[debug] [2022-09-13T13:43:51.729Z] Command:       C:\Program Files\nodejs\node.exe C:\Program Files\nodejs\node_modules\firebase-tools\lib\bin\firebase.js init
[debug] [2022-09-13T13:43:51.730Z] CLI Version:   11.9.0
[debug] [2022-09-13T13:43:51.730Z] Platform:      win32
[debug] [2022-09-13T13:43:51.730Z] Node Version:  v16.17.0
[debug] [2022-09-13T13:43:51.737Z] Time:          Tue Sep 13 2022 21:43:51 GMT+0800 (Singapore Standard Time)
[debug] [2022-09-13T13:43:51.738Z] ----------------------------------------------------------------------
[debug] 
[debug] [2022-09-13T13:43:51.850Z] > command requires scopes: ["email","openid","https://www.googleapis.com/auth/cloudplatformprojects.readonly","https://www.googleapis.com/auth/firebase","https://www.googleapis.com/auth/cloud-platform"]
[debug] [2022-09-13T13:43:51.851Z] > authorizing via signed-in user (gingomercury9@gmail.com)
[info] 
     ######## #### ########  ######## ########     ###     ######  ########
     ##        ##  ##     ## ##       ##     ##  ##   ##  ##       ##
     ######    ##  ########  ######   ########  #########  ######  ######
     ##        ##  ##    ##  ##       ##     ## ##     ##       ## ##
     ##       #### ##     ## ######## ########  ##     ##  ######  ########

You're about to initialize a Firebase project in this directory:

  D:\Bigg\Bigg-web\frontend

Before we get started, keep in mind:

  * You are initializing within an existing Firebase project directory

[info] 
=== Project Setup
[info] 
[info] First, let's associate this project directory with a Firebase project.
[info] You can create multiple project aliases by running firebase use --add, 
[info] but for now we'll just set up a default project.
[info] 
[debug] [2022-09-13T13:43:57.603Z] Using project from CLI flag: e-ssentials-44a91
[debug] [2022-09-13T13:43:57.606Z] > refreshing access token with scopes: []
[debug] [2022-09-13T13:43:57.609Z] >>> [apiv2][query] POST https://www.googleapis.com/oauth2/v3/token [none]
[debug] [2022-09-13T13:43:57.609Z] >>> [apiv2][body] POST https://www.googleapis.com/oauth2/v3/token [omitted]
[debug] [2022-09-13T13:43:58.136Z] <<< [apiv2][status] POST https://www.googleapis.com/oauth2/v3/token 200
[debug] [2022-09-13T13:43:58.136Z] <<< [apiv2][body] POST https://www.googleapis.com/oauth2/v3/token [omitted]
[debug] [2022-09-13T13:43:58.157Z] >>> [apiv2][query] GET https://firebase.googleapis.com/v1beta1/projects/e-ssentials-44a91 [none]
[debug] [2022-09-13T13:43:58.632Z] <<< [apiv2][status] GET https://firebase.googleapis.com/v1beta1/projects/e-ssentials-44a91 200
[debug] [2022-09-13T13:43:58.633Z] <<< [apiv2][body] GET https://firebase.googleapis.com/v1beta1/projects/e-ssentials-44a91 {"projectId":"e-ssentials-44a91","projectNumber":"172988100276","displayName":"E-ssentials","name":"projects/e-ssentials-44a91","resources":{"hostingSite":"e-ssentials-44a91","storageBucket":"e-ssentials-44a91.appspot.com","locationId":"asia-southeast2"},"state":"ACTIVE","etag":"1_0a7f637d-0b5d-4cde-b1f2-303180d095bd"}
[info] i  Using project e-ssentials-44a91 (E-ssentials) 
[info] 
=== Hosting Setup
[info] 
[info] Your public directory is the folder (relative to your project directory) that
[info] will contain Hosting assets to be uploaded with firebase deploy. If you
[info] have a build process for your assets, use your build's output directory.
[info] 
[debug] [2022-09-13T13:44:10.845Z] >>> [apiv2][query] GET https://www.gstatic.com/firebasejs/releases.json [none]
[debug] [2022-09-13T13:44:12.135Z] <<< [apiv2][status] GET https://www.gstatic.com/firebasejs/releases.json 200
[debug] [2022-09-13T13:44:12.135Z] <<< [apiv2][body] GET https://www.gstatic.com/firebasejs/releases.json {"current":{"version":"9.9.4","browserURL":"https://www.gstatic.com/firebasejs/9.9.4/firebase.js","packageURL":"https://www.gstatic.com/firebasejs/9.9.4/firebase.tgz"},"live":{"version":"9.9","browserURL":"https://www.gstatic.com/firebasejs/live/9.9/firebase.js","packageURL":"https://www.gstatic.com/firebasejs/live/9.9/firebase.tgz"},"components":{"analytics":"https://www.gstatic.com/firebasejs/9.9.4/firebase-analytics.js","app":"https://www.gstatic.com/firebasejs/9.9.4/firebase-app.js","app-check":"https://www.gstatic.com/firebasejs/9.9.4/firebase-app-check.js","auth":"https://www.gstatic.com/firebasejs/9.9.4/firebase-auth.js","auth/cordova":"https://www.gstatic.com/firebasejs/9.9.4/firebase-auth/cordova.js","auth/react-native":"https://www.gstatic.com/firebasejs/9.9.4/firebase-auth/react-native.js","functions":"https://www.gstatic.com/firebasejs/9.9.4/firebase-functions.js","firestore":"https://www.gstatic.com/firebasejs/9.9.4/firebase-firestore.js","firestore/lite":"https://www.gstatic.com/firebasejs/9.9.4/firebase-firestore/lite.js","installations":"https://www.gstatic.com/firebasejs/9.9.4/firebase-installations.js","storage":"https://www.gstatic.com/firebasejs/9.9.4/firebase-storage.js","performance":"https://www.gstatic.com/firebasejs/9.9.4/firebase-performance.js","remote-config":"https://www.gstatic.com/firebasejs/9.9.4/firebase-remote-config.js","messaging":"https://www.gstatic.com/firebasejs/9.9.4/firebase-messaging.js","messaging/sw":"https://www.gstatic.com/firebasejs/9.9.4/firebase-messaging/sw.js","database":"https://www.gstatic.com/firebasejs/9.9.4/firebase-database.js","firestore.memory":"https://www.gstatic.com/firebasejs/9.9.4/firebase-firestore.memory.js"}}
[info] +  Wrote dist/frontend/index.html 
[info] 
[info] i  Detected a .git folder at D:\Bigg\Bigg-web\frontend 
[info] i  Authorizing with GitHub to upload your service account to a GitHub repository's secrets store. 
[info] 
[info] Visit this URL on this device to log in:
[info] https://github.com/login/oauth/authorize?client_id=89cf50f02ac6aaed3484&state=693844137&redirect_uri=http%3A%2F%2Flocalhost%3A9005&scope=read%3Auser%20repo%20public_repo
[info] 
[info] Waiting for authentication...
[debug] [2022-09-13T13:44:22.918Z] >>> [apiv2][query] POST https://github.com/login/oauth/access_token [none]
[debug] [2022-09-13T13:44:22.918Z] >>> [apiv2][body] POST https://github.com/login/oauth/access_token [stream]
[debug] [2022-09-13T13:44:23.454Z] <<< [apiv2][status] POST https://github.com/login/oauth/access_token 200
[debug] [2022-09-13T13:44:23.454Z] <<< [apiv2][body] POST https://github.com/login/oauth/access_token {"access_token":"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","token_type":"bearer","scope":"read:user,repo"}
[debug] [2022-09-13T13:44:23.467Z] >>> [apiv2][query] GET https://api.github.com/user [none]
[debug] [2022-09-13T13:44:24.003Z] <<< [apiv2][status] GET https://api.github.com/user 200
[debug] [2022-09-13T13:44:24.003Z] <<< [apiv2][body] GET https://api.github.com/user {"login":"mercury0010","id":58216238,"node_id":"MDQ6VXNlcjU4MjE2MjM4","avatar_url":"https://avatars.githubusercontent.com/u/58216238?v=4","gravatar_id":"","url":"https://api.github.com/users/mercury0010","html_url":"https://github.com/mercury0010","followers_url":"https://api.github.com/users/mercury0010/followers","following_url":"https://api.github.com/users/mercury0010/following{/other_user}","gists_url":"https://api.github.com/users/mercury0010/gists{/gist_id}","starred_url":"https://api.github.com/users/mercury0010/starred{/owner}{/repo}","subscriptions_url":"https://api.github.com/users/mercury0010/subscriptions","organizations_url":"https://api.github.com/users/mercury0010/orgs","repos_url":"https://api.github.com/users/mercury0010/repos","events_url":"https://api.github.com/users/mercury0010/events{/privacy}","received_events_url":"https://api.github.com/users/mercury0010/received_events","type":"User","site_admin":false,"name":"Mercury","company":null,"blog":"","location":null,"email":null,"hireable":null,"bio":null,"twitter_username":null,"public_repos":11,"public_gists":0,"followers":0,"following":0,"created_at":"2019-11-26T11:35:50Z","updated_at":"2022-09-12T19:54:01Z","private_gists":0,"total_private_repos":3,"owned_private_repos":3,"disk_usage":39491,"collaborators":0,"two_factor_authentication":false,"plan":{"name":"free","space":976562499,"collaborators":0,"private_repos":10000}}
[info] 
[info] +  Success! Logged into GitHub as mercury0010 
[info] 
